<?xml version="1.0" encoding="UTF-8"?>
<robot generator="Robot 5.0 (Python 3.10.0 on win32)" generated="20220511 15:24:04.434" rpa="false" schemaversion="3">
<suite id="s1" name="Invalid Login Suite" source="C:\Users\Hiiii\Desktop\Project\GTF_Robot\2. login_suite\invalid_login_suite.robot">
<test id="s1-t1" name="TC1" line="12">
<kw name="Launch Browser" library="Commonfunctionality" type="SETUP">
<kw name="Append To Environment Variable" library="OperatingSystem">
<arg>Path</arg>
<arg>${EXECDIR}${/}driver</arg>
<doc>Appends given ``values`` to environment variable ``name``.</doc>
<msg timestamp="20220511 15:24:06.449" level="INFO">Environment variable 'Path' set to value 'C:\Program Files\Python310\Scripts\;C:\Program Files\Python310\;C:\Program Files\Amazon Corretto\jdk11.0.12_7\bin;C:\WINDOWS\system32;C:\WINDOWS;C:\WINDOWS\System32\Wbem;C:\WINDOWS\System32\WindowsPowerShell\v1.0\;C:\WINDOWS\System32\OpenSSH\;C:\msys64\mingw64\bin;C;C:\Program Files\Git\cmd;C:\Users\Hiiii\AppData\Roaming\Python\Python310\Scripts;C:\Users\Hiiii\AppData\Local\Microsoft\WindowsApps;;C:\Users\Hiiii\AppData\Local\Programs\Microsoft VS Code\bin;C:\Users\Hiiii\Desktop\Project\GTF_Robot\driver'.</msg>
<status status="PASS" starttime="20220511 15:24:06.449" endtime="20220511 15:24:06.449"/>
</kw>
<kw name="Open Browser" library="SeleniumLibrary">
<arg>browser= ${BROWSER}</arg>
<doc>Opens a new browser instance to the optional ``url``.</doc>
<msg timestamp="20220511 15:24:06.449" level="INFO">Opening browser ' chrome' to base url 'None'.</msg>
<status status="PASS" starttime="20220511 15:24:06.449" endtime="20220511 15:24:08.329"/>
</kw>
<kw name="Maximize Browser Window" library="SeleniumLibrary">
<doc>Maximizes current browser window.</doc>
<status status="PASS" starttime="20220511 15:24:08.330" endtime="20220511 15:24:08.566"/>
</kw>
<kw name="Set Selenium Implicit Wait" library="SeleniumLibrary">
<arg>30s</arg>
<doc>Sets the implicit wait value used by Selenium.</doc>
<status status="PASS" starttime="20220511 15:24:08.566" endtime="20220511 15:24:08.566"/>
</kw>
<kw name="Set Screenshot Directory" library="SeleniumLibrary">
<arg>${EXECDIR}${/}Screenshots</arg>
<doc>Sets the directory for captured screenshots.</doc>
<status status="PASS" starttime="20220511 15:24:08.566" endtime="20220511 15:24:08.566"/>
</kw>
<kw name="Go To" library="SeleniumLibrary">
<arg>url=https://www.gettogetherfinance.com</arg>
<doc>Navigates the current browser window to the provided ``url``.</doc>
<msg timestamp="20220511 15:24:08.566" level="INFO">Opening url 'https://www.gettogetherfinance.com'</msg>
<status status="PASS" starttime="20220511 15:24:08.566" endtime="20220511 15:24:30.904"/>
</kw>
<status status="PASS" starttime="20220511 15:24:06.449" endtime="20220511 15:24:30.904"/>
</kw>
<kw name="invalid Credential">
<arg>vikash99007730@gmail.com</arg>
<arg>Robot@08</arg>
<arg>These credentials do not match our records.</arg>
<kw name="Click Element" library="SeleniumLibrary">
<arg>link= Login</arg>
<doc>Click the element identified by ``locator``.</doc>
<msg timestamp="20220511 15:24:30.906" level="INFO">Clicking element 'link= Login'.</msg>
<status status="PASS" starttime="20220511 15:24:30.906" endtime="20220511 15:24:32.137"/>
</kw>
<kw name="Input Text" library="SeleniumLibrary">
<arg>id=email</arg>
<arg>${username}</arg>
<doc>Types the given ``text`` into the text field identified by ``locator``.</doc>
<msg timestamp="20220511 15:24:32.138" level="INFO">Typing text 'vikash99007730@gmail.com' into text field 'id=email'.</msg>
<status status="PASS" starttime="20220511 15:24:32.137" endtime="20220511 15:24:32.389"/>
</kw>
<kw name="Input Password" library="SeleniumLibrary">
<arg>id=password</arg>
<arg>${password}</arg>
<doc>Types the given password into the text field identified by ``locator``.</doc>
<msg timestamp="20220511 15:24:32.391" level="INFO">Typing password into text field 'id=password'.</msg>
<msg timestamp="20220511 15:24:32.468" level="INFO">Temporally setting log level to: NONE</msg>
<msg timestamp="20220511 15:24:32.576" level="INFO">Log level changed from NONE to INFO.</msg>
<status status="PASS" starttime="20220511 15:24:32.390" endtime="20220511 15:24:32.576"/>
</kw>
<kw name="Click Element" library="SeleniumLibrary">
<arg>id=loginBtn</arg>
<doc>Click the element identified by ``locator``.</doc>
<msg timestamp="20220511 15:24:32.578" level="INFO">Clicking element 'id=loginBtn'.</msg>
<status status="PASS" starttime="20220511 15:24:32.577" endtime="20220511 15:24:33.402"/>
</kw>
<kw name="Page Should Contain" library="SeleniumLibrary">
<arg>${expected_error}</arg>
<doc>Verifies that current page contains ``text``.</doc>
<msg timestamp="20220511 15:24:33.429" level="INFO">Current page contains text 'These credentials do not match our records.'.</msg>
<status status="PASS" starttime="20220511 15:24:33.402" endtime="20220511 15:24:33.429"/>
</kw>
<status status="PASS" starttime="20220511 15:24:30.905" endtime="20220511 15:24:33.429"/>
</kw>
<kw name="Close Browser" library="SeleniumLibrary" type="TEARDOWN">
<doc>Closes the current browser.</doc>
<status status="PASS" starttime="20220511 15:24:33.430" endtime="20220511 15:24:35.729"/>
</kw>
<status status="PASS" starttime="20220511 15:24:06.449" endtime="20220511 15:24:35.729"/>
</test>
<test id="s1-t2" name="TC1" line="12">
<kw name="Launch Browser" library="Commonfunctionality" type="SETUP">
<kw name="Append To Environment Variable" library="OperatingSystem">
<arg>Path</arg>
<arg>${EXECDIR}${/}driver</arg>
<doc>Appends given ``values`` to environment variable ``name``.</doc>
<msg timestamp="20220511 15:24:35.744" level="INFO">Environment variable 'Path' set to value 'C:\Program Files\Python310\Scripts\;C:\Program Files\Python310\;C:\Program Files\Amazon Corretto\jdk11.0.12_7\bin;C:\WINDOWS\system32;C:\WINDOWS;C:\WINDOWS\System32\Wbem;C:\WINDOWS\System32\WindowsPowerShell\v1.0\;C:\WINDOWS\System32\OpenSSH\;C:\msys64\mingw64\bin;C;C:\Program Files\Git\cmd;C:\Users\Hiiii\AppData\Roaming\Python\Python310\Scripts;C:\Users\Hiiii\AppData\Local\Microsoft\WindowsApps;;C:\Users\Hiiii\AppData\Local\Programs\Microsoft VS Code\bin;C:\Users\Hiiii\Desktop\Project\GTF_Robot\driver;C:\Users\Hiiii\Desktop\Project\GTF_Robot\driver'.</msg>
<status status="PASS" starttime="20220511 15:24:35.744" endtime="20220511 15:24:35.744"/>
</kw>
<kw name="Open Browser" library="SeleniumLibrary">
<arg>browser= ${BROWSER}</arg>
<doc>Opens a new browser instance to the optional ``url``.</doc>
<msg timestamp="20220511 15:24:35.744" level="INFO">Opening browser ' chrome' to base url 'None'.</msg>
<status status="PASS" starttime="20220511 15:24:35.744" endtime="20220511 15:24:37.506"/>
</kw>
<kw name="Maximize Browser Window" library="SeleniumLibrary">
<doc>Maximizes current browser window.</doc>
<status status="PASS" starttime="20220511 15:24:37.507" endtime="20220511 15:24:37.725"/>
</kw>
<kw name="Set Selenium Implicit Wait" library="SeleniumLibrary">
<arg>30s</arg>
<doc>Sets the implicit wait value used by Selenium.</doc>
<status status="PASS" starttime="20220511 15:24:37.725" endtime="20220511 15:24:37.730"/>
</kw>
<kw name="Set Screenshot Directory" library="SeleniumLibrary">
<arg>${EXECDIR}${/}Screenshots</arg>
<doc>Sets the directory for captured screenshots.</doc>
<status status="PASS" starttime="20220511 15:24:37.732" endtime="20220511 15:24:37.733"/>
</kw>
<kw name="Go To" library="SeleniumLibrary">
<arg>url=https://www.gettogetherfinance.com</arg>
<doc>Navigates the current browser window to the provided ``url``.</doc>
<msg timestamp="20220511 15:24:37.734" level="INFO">Opening url 'https://www.gettogetherfinance.com'</msg>
<status status="PASS" starttime="20220511 15:24:37.733" endtime="20220511 15:24:46.176"/>
</kw>
<status status="PASS" starttime="20220511 15:24:35.744" endtime="20220511 15:24:46.176"/>
</kw>
<kw name="invalid Credential">
<arg>vikash990730@gmail.com</arg>
<arg>Robot@08</arg>
<arg>These credentials do not match our records.</arg>
<kw name="Click Element" library="SeleniumLibrary">
<arg>link= Login</arg>
<doc>Click the element identified by ``locator``.</doc>
<msg timestamp="20220511 15:24:46.179" level="INFO">Clicking element 'link= Login'.</msg>
<status status="PASS" starttime="20220511 15:24:46.178" endtime="20220511 15:24:47.274"/>
</kw>
<kw name="Input Text" library="SeleniumLibrary">
<arg>id=email</arg>
<arg>${username}</arg>
<doc>Types the given ``text`` into the text field identified by ``locator``.</doc>
<msg timestamp="20220511 15:24:47.274" level="INFO">Typing text 'vikash990730@gmail.com' into text field 'id=email'.</msg>
<status status="PASS" starttime="20220511 15:24:47.274" endtime="20220511 15:24:47.457"/>
</kw>
<kw name="Input Password" library="SeleniumLibrary">
<arg>id=password</arg>
<arg>${password}</arg>
<doc>Types the given password into the text field identified by ``locator``.</doc>
<msg timestamp="20220511 15:24:47.457" level="INFO">Typing password into text field 'id=password'.</msg>
<msg timestamp="20220511 15:24:47.523" level="INFO">Temporally setting log level to: NONE</msg>
<msg timestamp="20220511 15:24:47.615" level="INFO">Log level changed from NONE to INFO.</msg>
<status status="PASS" starttime="20220511 15:24:47.457" endtime="20220511 15:24:47.616"/>
</kw>
<kw name="Click Element" library="SeleniumLibrary">
<arg>id=loginBtn</arg>
<doc>Click the element identified by ``locator``.</doc>
<msg timestamp="20220511 15:24:47.618" level="INFO">Clicking element 'id=loginBtn'.</msg>
<status status="PASS" starttime="20220511 15:24:47.617" endtime="20220511 15:24:48.416"/>
</kw>
<kw name="Page Should Contain" library="SeleniumLibrary">
<arg>${expected_error}</arg>
<doc>Verifies that current page contains ``text``.</doc>
<msg timestamp="20220511 15:24:48.443" level="INFO">Current page contains text 'These credentials do not match our records.'.</msg>
<status status="PASS" starttime="20220511 15:24:48.416" endtime="20220511 15:24:48.443"/>
</kw>
<status status="PASS" starttime="20220511 15:24:46.177" endtime="20220511 15:24:48.444"/>
</kw>
<kw name="Close Browser" library="SeleniumLibrary" type="TEARDOWN">
<doc>Closes the current browser.</doc>
<status status="PASS" starttime="20220511 15:24:48.445" endtime="20220511 15:24:50.773"/>
</kw>
<status status="PASS" starttime="20220511 15:24:35.744" endtime="20220511 15:24:50.773"/>
</test>
<test id="s1-t3" name="TC1" line="12">
<kw name="Launch Browser" library="Commonfunctionality" type="SETUP">
<kw name="Append To Environment Variable" library="OperatingSystem">
<arg>Path</arg>
<arg>${EXECDIR}${/}driver</arg>
<doc>Appends given ``values`` to environment variable ``name``.</doc>
<msg timestamp="20220511 15:24:50.788" level="INFO">Environment variable 'Path' set to value 'C:\Program Files\Python310\Scripts\;C:\Program Files\Python310\;C:\Program Files\Amazon Corretto\jdk11.0.12_7\bin;C:\WINDOWS\system32;C:\WINDOWS;C:\WINDOWS\System32\Wbem;C:\WINDOWS\System32\WindowsPowerShell\v1.0\;C:\WINDOWS\System32\OpenSSH\;C:\msys64\mingw64\bin;C;C:\Program Files\Git\cmd;C:\Users\Hiiii\AppData\Roaming\Python\Python310\Scripts;C:\Users\Hiiii\AppData\Local\Microsoft\WindowsApps;;C:\Users\Hiiii\AppData\Local\Programs\Microsoft VS Code\bin;C:\Users\Hiiii\Desktop\Project\GTF_Robot\driver;C:\Users\Hiiii\Desktop\Project\GTF_Robot\driver;C:\Users\Hiiii\Desktop\Project\GTF_Robot\driver'.</msg>
<status status="PASS" starttime="20220511 15:24:50.788" endtime="20220511 15:24:50.788"/>
</kw>
<kw name="Open Browser" library="SeleniumLibrary">
<arg>browser= ${BROWSER}</arg>
<doc>Opens a new browser instance to the optional ``url``.</doc>
<msg timestamp="20220511 15:24:50.788" level="INFO">Opening browser ' chrome' to base url 'None'.</msg>
<status status="PASS" starttime="20220511 15:24:50.788" endtime="20220511 15:24:52.483"/>
</kw>
<kw name="Maximize Browser Window" library="SeleniumLibrary">
<doc>Maximizes current browser window.</doc>
<status status="PASS" starttime="20220511 15:24:52.484" endtime="20220511 15:24:52.664"/>
</kw>
<kw name="Set Selenium Implicit Wait" library="SeleniumLibrary">
<arg>30s</arg>
<doc>Sets the implicit wait value used by Selenium.</doc>
<status status="PASS" starttime="20220511 15:24:52.664" endtime="20220511 15:24:52.664"/>
</kw>
<kw name="Set Screenshot Directory" library="SeleniumLibrary">
<arg>${EXECDIR}${/}Screenshots</arg>
<doc>Sets the directory for captured screenshots.</doc>
<status status="PASS" starttime="20220511 15:24:52.664" endtime="20220511 15:24:52.664"/>
</kw>
<kw name="Go To" library="SeleniumLibrary">
<arg>url=https://www.gettogetherfinance.com</arg>
<doc>Navigates the current browser window to the provided ``url``.</doc>
<msg timestamp="20220511 15:24:52.664" level="INFO">Opening url 'https://www.gettogetherfinance.com'</msg>
<status status="PASS" starttime="20220511 15:24:52.664" endtime="20220511 15:25:05.368"/>
</kw>
<status status="PASS" starttime="20220511 15:24:50.788" endtime="20220511 15:25:05.368"/>
</kw>
<kw name="invalid Credential">
<arg>vikash99007730@gmail.com</arg>
<arg>Testing@08</arg>
<arg>These credentials do not match our records.</arg>
<kw name="Click Element" library="SeleniumLibrary">
<arg>link= Login</arg>
<doc>Click the element identified by ``locator``.</doc>
<msg timestamp="20220511 15:25:05.372" level="INFO">Clicking element 'link= Login'.</msg>
<status status="PASS" starttime="20220511 15:25:05.372" endtime="20220511 15:25:06.420"/>
</kw>
<kw name="Input Text" library="SeleniumLibrary">
<arg>id=email</arg>
<arg>${username}</arg>
<doc>Types the given ``text`` into the text field identified by ``locator``.</doc>
<msg timestamp="20220511 15:25:06.421" level="INFO">Typing text 'vikash99007730@gmail.com' into text field 'id=email'.</msg>
<status status="PASS" starttime="20220511 15:25:06.420" endtime="20220511 15:25:06.642"/>
</kw>
<kw name="Input Password" library="SeleniumLibrary">
<arg>id=password</arg>
<arg>${password}</arg>
<doc>Types the given password into the text field identified by ``locator``.</doc>
<msg timestamp="20220511 15:25:06.643" level="INFO">Typing password into text field 'id=password'.</msg>
<msg timestamp="20220511 15:25:06.689" level="INFO">Temporally setting log level to: NONE</msg>
<msg timestamp="20220511 15:25:06.793" level="INFO">Log level changed from NONE to INFO.</msg>
<status status="PASS" starttime="20220511 15:25:06.642" endtime="20220511 15:25:06.794"/>
</kw>
<kw name="Click Element" library="SeleniumLibrary">
<arg>id=loginBtn</arg>
<doc>Click the element identified by ``locator``.</doc>
<msg timestamp="20220511 15:25:06.796" level="INFO">Clicking element 'id=loginBtn'.</msg>
<status status="PASS" starttime="20220511 15:25:06.795" endtime="20220511 15:25:07.593"/>
</kw>
<kw name="Page Should Contain" library="SeleniumLibrary">
<arg>${expected_error}</arg>
<doc>Verifies that current page contains ``text``.</doc>
<msg timestamp="20220511 15:25:07.620" level="INFO">Current page contains text 'These credentials do not match our records.'.</msg>
<status status="PASS" starttime="20220511 15:25:07.594" endtime="20220511 15:25:07.620"/>
</kw>
<status status="PASS" starttime="20220511 15:25:05.370" endtime="20220511 15:25:07.620"/>
</kw>
<kw name="Close Browser" library="SeleniumLibrary" type="TEARDOWN">
<doc>Closes the current browser.</doc>
<status status="PASS" starttime="20220511 15:25:07.621" endtime="20220511 15:25:09.921"/>
</kw>
<status status="PASS" starttime="20220511 15:24:50.788" endtime="20220511 15:25:09.921"/>
</test>
<doc>This suite will handle valid credential
test -TC_OH_3</doc>
<status status="PASS" starttime="20220511 15:24:04.434" endtime="20220511 15:25:09.921"/>
</suite>
<statistics>
<total>
<stat pass="3" fail="0" skip="0">All Tests</stat>
</total>
<tag>
</tag>
<suite>
<stat pass="3" fail="0" skip="0" id="s1" name="Invalid Login Suite">Invalid Login Suite</stat>
</suite>
</statistics>
<errors>
<msg timestamp="20220511 15:24:35.729" level="WARN">Multiple tests with name 'TC1' executed in suite 'Invalid Login Suite'.</msg>
<msg timestamp="20220511 15:24:50.773" level="WARN">Multiple tests with name 'TC1' executed in suite 'Invalid Login Suite'.</msg>
</errors>
</robot>
